<?xml version="1.0" encoding="UTF-8"?>
<!-- Generated by org.testng.reporters.JUnitXMLReporter -->
<testsuite ignored="6" hostname="IMEX" failures="0" tests="24" name="End To End Test" time="0.194" errors="0" timestamp="2021-09-15T16:26:54 CET">
  <testcase classname="com.invoice_portal.testcase.RechercheFacture" name="@BeforeMethod SetUp" time="0.007">
    <failure type="java.lang.NullPointerException">
      <![CDATA[java.lang.NullPointerException
at com.invoice_portal.testcase.RechercheFacture.SetUp(RechercheFacture.java:38)
at java.base/java.util.ArrayList.forEach(ArrayList.java:1541)
... Removed 31 stack frames]]>
    </failure>
  </testcase> <!-- @BeforeMethod SetUp -->
  <testcase classname="com.invoice_portal.testcase.RechercheFacture" name="@AfterMethod tearDown" time="-1.631719614719E9">
    <skipped/>
  </testcase> <!-- @AfterMethod tearDown -->
  <testcase classname="com.invoice_portal.testcase.RechercheFacture" name="@BeforeMethod SetUp" time="-1.631719614721E9">
    <skipped/>
  </testcase> <!-- @BeforeMethod SetUp -->
  <testcase classname="com.invoice_portal.testcase.RechercheFacture" name="@AfterMethod tearDown" time="-1.631719614725E9">
    <skipped/>
  </testcase> <!-- @AfterMethod tearDown -->
  <testcase classname="com.invoice_portal.testcase.RechercheFacture" name="@BeforeMethod SetUp" time="-1.631719614727E9">
    <skipped/>
  </testcase> <!-- @BeforeMethod SetUp -->
  <testcase classname="com.invoice_portal.testcase.RechercheFacture" name="@AfterMethod tearDown" time="-1.631719614731E9">
    <skipped/>
  </testcase> <!-- @AfterMethod tearDown -->
  <testcase classname="com.invoice_portal.testcase.RechercheFacture" name="@BeforeMethod SetUp" time="-1.631719614732E9">
    <skipped/>
  </testcase> <!-- @BeforeMethod SetUp -->
  <testcase classname="com.invoice_portal.testcase.RechercheFacture" name="@AfterMethod tearDown" time="-1.631719614736E9">
    <skipped/>
  </testcase> <!-- @AfterMethod tearDown -->
  <testcase classname="com.invoice_portal.testcase.RechercheFacture" name="@BeforeMethod SetUp" time="-1.631719614738E9">
    <skipped/>
  </testcase> <!-- @BeforeMethod SetUp -->
  <testcase classname="com.invoice_portal.testcase.RechercheFacture" name="@AfterMethod tearDown" time="-1.631719614742E9">
    <skipped/>
  </testcase> <!-- @AfterMethod tearDown -->
  <testcase classname="com.invoice_portal.testcase.RechercheFacture" name="@BeforeMethod SetUp" time="-1.631719614745E9">
    <skipped/>
  </testcase> <!-- @BeforeMethod SetUp -->
  <testcase classname="com.invoice_portal.testcase.RechercheFacture" name="@AfterMethod tearDown" time="-1.631719614751E9">
    <skipped/>
  </testcase> <!-- @AfterMethod tearDown -->
  <testcase classname="com.invoice_portal.testcase.JournalAction" name="@BeforeMethod SetUp" time="0.0">
    <failure type="java.lang.NullPointerException">
      <![CDATA[java.lang.NullPointerException
at com.invoice_portal.testcase.JournalAction.SetUp(JournalAction.java:34)
at java.base/java.util.ArrayList.forEach(ArrayList.java:1541)
... Removed 31 stack frames]]>
    </failure>
  </testcase> <!-- @BeforeMethod SetUp -->
  <testcase classname="com.invoice_portal.testcase.JournalAction" name="@AfterMethod tearDown" time="-1.631719614757E9">
    <skipped/>
  </testcase> <!-- @AfterMethod tearDown -->
  <testcase classname="com.invoice_portal.testcase.JournalAction" name="@BeforeMethod SetUp" time="-1.631719614759E9">
    <skipped/>
  </testcase> <!-- @BeforeMethod SetUp -->
  <testcase classname="com.invoice_portal.testcase.JournalAction" name="@AfterMethod tearDown" time="-1.631719614763E9">
    <skipped/>
  </testcase> <!-- @AfterMethod tearDown -->
  <testcase classname="com.invoice_portal.testcase.JournalAction" name="@BeforeMethod SetUp" time="-1.631719614764E9">
    <skipped/>
  </testcase> <!-- @BeforeMethod SetUp -->
  <testcase classname="com.invoice_portal.testcase.JournalAction" name="@AfterMethod tearDown" time="-1.631719614767E9">
    <skipped/>
  </testcase> <!-- @AfterMethod tearDown -->
  <testcase classname="com.invoice_portal.testcase.GestionOperation" name="@BeforeMethod SetUp" time="0.001">
    <failure type="java.lang.NullPointerException">
      <![CDATA[java.lang.NullPointerException
at com.invoice_portal.testcase.GestionOperation.SetUp(GestionOperation.java:34)
at java.base/java.util.ArrayList.forEach(ArrayList.java:1541)
... Removed 31 stack frames]]>
    </failure>
  </testcase> <!-- @BeforeMethod SetUp -->
  <testcase classname="com.invoice_portal.testcase.GestionOperation" name="@AfterMethod tearDown" time="-1.631719614773E9">
    <skipped/>
  </testcase> <!-- @AfterMethod tearDown -->
  <testcase classname="com.invoice_portal.testcase.GestionOperation" name="@BeforeMethod SetUp" time="-1.631719614774E9">
    <skipped/>
  </testcase> <!-- @BeforeMethod SetUp -->
  <testcase classname="com.invoice_portal.testcase.GestionOperation" name="@AfterMethod tearDown" time="-1.631719614777E9">
    <skipped/>
  </testcase> <!-- @AfterMethod tearDown -->
  <testcase classname="com.invoice_portal.testcase.GestionRubrique" name="@BeforeMethod SetUp" time="0.0">
    <failure type="java.lang.NullPointerException">
      <![CDATA[java.lang.NullPointerException
at com.invoice_portal.testcase.GestionRubrique.SetUp(GestionRubrique.java:32)
at java.base/java.util.ArrayList.forEach(ArrayList.java:1541)
... Removed 31 stack frames]]>
    </failure>
  </testcase> <!-- @BeforeMethod SetUp -->
  <testcase classname="com.invoice_portal.testcase.GestionRubrique" name="@AfterMethod tearDown" time="-1.631719614782E9">
    <skipped/>
  </testcase> <!-- @AfterMethod tearDown -->
  <testcase classname="com.invoice_portal.testcase.GestionRubrique" name="@BeforeMethod SetUp" time="-1.631719614783E9">
    <skipped/>
  </testcase> <!-- @BeforeMethod SetUp -->
  <testcase classname="com.invoice_portal.testcase.GestionRubrique" name="@AfterMethod tearDown" time="-1.631719614785E9">
    <skipped/>
  </testcase> <!-- @AfterMethod tearDown -->
  <testcase classname="com.invoice_portal.testcase.GestionRubrique" name="@BeforeMethod SetUp" time="-1.631719614787E9">
    <skipped/>
  </testcase> <!-- @BeforeMethod SetUp -->
  <testcase classname="com.invoice_portal.testcase.GestionRubrique" name="@AfterMethod tearDown" time="-1.631719614791E9">
    <skipped/>
  </testcase> <!-- @AfterMethod tearDown -->
  <testcase classname="com.invoice_portal.testcase.GestionRubrique" name="@BeforeMethod SetUp" time="-1.631719614793E9">
    <skipped/>
  </testcase> <!-- @BeforeMethod SetUp -->
  <testcase classname="com.invoice_portal.testcase.GestionRubrique" name="@AfterMethod tearDown" time="-1.631719614796E9">
    <skipped/>
  </testcase> <!-- @AfterMethod tearDown -->
  <testcase classname="com.invoice_portal.testcase.DemandeSignature" name="@BeforeMethod SetUp" time="0.0">
    <failure type="java.lang.NullPointerException">
      <![CDATA[java.lang.NullPointerException
at com.invoice_portal.testcase.DemandeSignature.SetUp(DemandeSignature.java:34)
at java.base/java.util.ArrayList.forEach(ArrayList.java:1541)
... Removed 31 stack frames]]>
    </failure>
  </testcase> <!-- @BeforeMethod SetUp -->
  <testcase classname="com.invoice_portal.testcase.DemandeSignature" name="@AfterMethod tearDown" time="-1.631719614802E9">
    <skipped/>
  </testcase> <!-- @AfterMethod tearDown -->
  <testcase classname="com.invoice_portal.testcase.DemandeSignature" name="@BeforeMethod SetUp" time="-1.631719614803E9">
    <skipped/>
  </testcase> <!-- @BeforeMethod SetUp -->
  <testcase classname="com.invoice_portal.testcase.DemandeSignature" name="@AfterMethod tearDown" time="-1.631719614807E9">
    <skipped/>
  </testcase> <!-- @AfterMethod tearDown -->
  <testcase classname="com.invoice_portal.testcase.DemandeSignature" name="@BeforeMethod SetUp" time="-1.631719614808E9">
    <skipped/>
  </testcase> <!-- @BeforeMethod SetUp -->
  <testcase classname="com.invoice_portal.testcase.DemandeSignature" name="@AfterMethod tearDown" time="-1.631719614812E9">
    <skipped/>
  </testcase> <!-- @AfterMethod tearDown -->
  <testcase classname="com.invoice_portal.testcase.DemandeSignature" name="@BeforeMethod SetUp" time="-1.631719614813E9">
    <skipped/>
  </testcase> <!-- @BeforeMethod SetUp -->
  <testcase classname="com.invoice_portal.testcase.DemandeSignature" name="@AfterMethod tearDown" time="-1.631719614816E9">
    <skipped/>
  </testcase> <!-- @AfterMethod tearDown -->
  <testcase classname="com.invoice_portal.testcase.DemandeSignature" name="@BeforeMethod SetUp" time="-1.631719614818E9">
    <skipped/>
  </testcase> <!-- @BeforeMethod SetUp -->
  <testcase classname="com.invoice_portal.testcase.DemandeSignature" name="@AfterMethod tearDown" time="-1.631719614822E9">
    <skipped/>
  </testcase> <!-- @AfterMethod tearDown -->
  <testcase classname="com.invoice_portal.testcase.DemandeSignature" name="@BeforeMethod SetUp" time="-1.631719614823E9">
    <skipped/>
  </testcase> <!-- @BeforeMethod SetUp -->
  <testcase classname="com.invoice_portal.testcase.DemandeSignature" name="@AfterMethod tearDown" time="-1.631719614827E9">
    <skipped/>
  </testcase> <!-- @AfterMethod tearDown -->
  <testcase classname="com.invoice_portal.testcase.GestionUtilisateur" name="@BeforeMethod SetUp" time="0.001">
    <failure type="java.lang.NullPointerException">
      <![CDATA[java.lang.NullPointerException
at com.invoice_portal.testcase.GestionUtilisateur.SetUp(GestionUtilisateur.java:30)
at java.base/java.util.ArrayList.forEach(ArrayList.java:1541)
... Removed 31 stack frames]]>
    </failure>
  </testcase> <!-- @BeforeMethod SetUp -->
  <testcase classname="com.invoice_portal.testcase.GestionUtilisateur" name="@AfterMethod tearDown" time="-1.631719614833E9">
    <skipped/>
  </testcase> <!-- @AfterMethod tearDown -->
  <testcase classname="com.invoice_portal.testcase.Authentification" name="@BeforeMethod login" time="0.0">
    <failure type="java.lang.NullPointerException">
      <![CDATA[java.lang.NullPointerException
at com.invoice_portal.testcase.Authentification.login(Authentification.java:29)
at java.base/java.util.ArrayList.forEach(ArrayList.java:1541)
... Removed 31 stack frames]]>
    </failure>
  </testcase> <!-- @BeforeMethod login -->
  <testcase classname="com.invoice_portal.testcase.Authentification" name="@AfterMethod tearDown" time="-1.63171961484E9">
    <skipped/>
  </testcase> <!-- @AfterMethod tearDown -->
  <testcase classname="com.invoice_portal.testcase.Authentification" name="@BeforeMethod login" time="-1.631719614841E9">
    <skipped/>
  </testcase> <!-- @BeforeMethod login -->
  <testcase classname="com.invoice_portal.testcase.Authentification" name="@AfterMethod tearDown" time="-1.631719614844E9">
    <skipped/>
  </testcase> <!-- @AfterMethod tearDown -->
  <testcase classname="com.invoice_portal.testcase.RechercheFacture" name="Click_Bouton_Detail" time="0.0">
    <skipped/>
  </testcase> <!-- Click_Bouton_Detail -->
  <testcase classname="com.invoice_portal.testcase.RechercheFacture" name="Click_Bouton_Consulter" time="0.0">
    <skipped/>
  </testcase> <!-- Click_Bouton_Consulter -->
  <testcase classname="com.invoice_portal.testcase.RechercheFacture" name="Click_Bouton_Telecharger" time="0.0">
    <skipped/>
  </testcase> <!-- Click_Bouton_Telecharger -->
  <testcase classname="com.invoice_portal.testcase.RechercheFacture" name="Click_Bouton_Envoyer_Par_Email" time="0.0">
    <skipped/>
  </testcase> <!-- Click_Bouton_Envoyer_Par_Email -->
  <testcase classname="com.invoice_portal.testcase.RechercheFacture" name="Click_Bouton_Exporter_Vers_ExcelWordXml" time="0.0">
    <skipped/>
  </testcase> <!-- Click_Bouton_Exporter_Vers_ExcelWordXml -->
  <testcase classname="com.invoice_portal.testcase.RechercheFacture" name="Click_Boutton_Supprimer" time="0.0">
    <skipped/>
  </testcase> <!-- Click_Boutton_Supprimer -->
  <testcase classname="com.invoice_portal.testcase.JournalAction" name="Click_bouton_details" time="0.0">
    <skipped/>
  </testcase> <!-- Click_bouton_details -->
  <testcase classname="com.invoice_portal.testcase.JournalAction" name="Recherche_Rapide" time="0.0">
    <skipped/>
  </testcase> <!-- Recherche_Rapide -->
  <testcase classname="com.invoice_portal.testcase.JournalAction" name="Choisir_Type_Action" time="0.0">
    <skipped/>
  </testcase> <!-- Choisir_Type_Action -->
  <testcase classname="com.invoice_portal.testcase.GestionOperation" name="Ajouter_Opérations" time="0.0">
    <skipped/>
  </testcase> <!-- Ajouter_Opérations -->
  <testcase classname="com.invoice_portal.testcase.GestionOperation" name="Supprimer_opérations" time="0.0">
    <skipped/>
  </testcase> <!-- Supprimer_opérations -->
  <testcase classname="com.invoice_portal.testcase.GestionRubrique" name="Parametre__Background" time="0.0">
    <skipped/>
  </testcase> <!-- Parametre__Background -->
  <testcase classname="com.invoice_portal.testcase.GestionRubrique" name="Recherche_Rapide" time="0.0">
    <skipped/>
  </testcase> <!-- Recherche_Rapide -->
  <testcase classname="com.invoice_portal.testcase.GestionRubrique" name="Ajouter_Operation" time="0.0">
    <skipped/>
  </testcase> <!-- Ajouter_Operation -->
  <testcase classname="com.invoice_portal.testcase.GestionRubrique" name="Supprimer_Ribrique" time="0.0">
    <skipped/>
  </testcase> <!-- Supprimer_Ribrique -->
  <testcase classname="com.invoice_portal.testcase.DemandeSignature" name="Clique_Voir_Historique" time="0.0">
    <skipped/>
  </testcase> <!-- Clique_Voir_Historique -->
  <testcase classname="com.invoice_portal.testcase.DemandeSignature" name="Documents_Non_Signes" time="0.0">
    <skipped/>
  </testcase> <!-- Documents_Non_Signes -->
  <testcase classname="com.invoice_portal.testcase.DemandeSignature" name="Documents_Supprimes" time="0.0">
    <skipped/>
  </testcase> <!-- Documents_Supprimes -->
  <testcase classname="com.invoice_portal.testcase.DemandeSignature" name="Documents_Verifier" time="0.0">
    <skipped/>
  </testcase> <!-- Documents_Verifier -->
  <testcase classname="com.invoice_portal.testcase.DemandeSignature" name="Documents_Non_Verifies" time="0.0">
    <skipped/>
  </testcase> <!-- Documents_Non_Verifies -->
  <testcase classname="com.invoice_portal.testcase.DemandeSignature" name="Documents_Supprimes_pour_verifiés" time="0.0">
    <skipped/>
  </testcase> <!-- Documents_Supprimes_pour_verifiés -->
  <testcase classname="com.invoice_portal.testcase.GestionUtilisateur" name="Test_User_Amira" time="0.0">
    <skipped/>
  </testcase> <!-- Test_User_Amira -->
  <testcase classname="com.invoice_portal.testcase.Authentification" name="SetUp_Authentification" time="0.0">
    <skipped/>
  </testcase> <!-- SetUp_Authentification -->
  <testcase classname="com.invoice_portal.testcase.Authentification" name="SetUp_Authentification" time="0.0">
    <skipped/>
  </testcase> <!-- SetUp_Authentification -->
  <testcase classname="com.invoice_portal.testcase.RechercheFacture" name="Click_Bouton_Duplication" time="0.0">
    <ignored/>
  </testcase> <!-- Click_Bouton_Duplication -->
  <testcase classname="com.invoice_portal.testcase.GestionUtilisateur" name="Test_User_Ahmed" time="0.0">
    <ignored/>
  </testcase> <!-- Test_User_Ahmed -->
  <testcase classname="com.invoice_portal.testcase.GestionUtilisateur" name="Test_Boutton_Recherche" time="0.0">
    <ignored/>
  </testcase> <!-- Test_Boutton_Recherche -->
  <testcase classname="com.invoice_portal.testcase.DemandeSignature" name="Upload_File" time="0.0">
    <ignored/>
  </testcase> <!-- Upload_File -->
  <testcase classname="com.invoice_portal.testcase.RechercheFacture" name="Click_Boutton_Modifier" time="0.0">
    <ignored/>
  </testcase> <!-- Click_Boutton_Modifier -->
  <testcase classname="com.invoice_portal.testcase.DemandeSignature" name="Drag_And_Drop" time="0.0">
    <ignored/>
  </testcase> <!-- Drag_And_Drop -->
</testsuite> <!-- End To End Test -->
