<?xml version="1.0" encoding="UTF-8"?>
<!-- Generated by org.testng.reporters.JUnitXMLReporter -->
<testsuite ignored="6" hostname="IMEX" failures="0" tests="24" name="Test" time="0.185" errors="0" timestamp="2021-09-15T16:20:35 CET">
  <testcase classname="com.invoice_portal.testcase.RechercheFacture" name="@BeforeMethod SetUp" time="0.008">
    <failure type="java.lang.NullPointerException">
      <![CDATA[java.lang.NullPointerException
at com.invoice_portal.testcase.RechercheFacture.SetUp(RechercheFacture.java:38)
at java.base/java.util.ArrayList.forEach(ArrayList.java:1541)
... Removed 31 stack frames]]>
    </failure>
  </testcase> <!-- @BeforeMethod SetUp -->
  <testcase classname="com.invoice_portal.testcase.RechercheFacture" name="@AfterMethod tearDown" time="-1.631719235112E9">
    <skipped/>
  </testcase> <!-- @AfterMethod tearDown -->
  <testcase classname="com.invoice_portal.testcase.RechercheFacture" name="@BeforeMethod SetUp" time="-1.631719235116E9">
    <skipped/>
  </testcase> <!-- @BeforeMethod SetUp -->
  <testcase classname="com.invoice_portal.testcase.RechercheFacture" name="@AfterMethod tearDown" time="-1.631719235121E9">
    <skipped/>
  </testcase> <!-- @AfterMethod tearDown -->
  <testcase classname="com.invoice_portal.testcase.RechercheFacture" name="@BeforeMethod SetUp" time="-1.631719235123E9">
    <skipped/>
  </testcase> <!-- @BeforeMethod SetUp -->
  <testcase classname="com.invoice_portal.testcase.RechercheFacture" name="@AfterMethod tearDown" time="-1.631719235129E9">
    <skipped/>
  </testcase> <!-- @AfterMethod tearDown -->
  <testcase classname="com.invoice_portal.testcase.RechercheFacture" name="@BeforeMethod SetUp" time="-1.631719235131E9">
    <skipped/>
  </testcase> <!-- @BeforeMethod SetUp -->
  <testcase classname="com.invoice_portal.testcase.RechercheFacture" name="@AfterMethod tearDown" time="-1.631719235136E9">
    <skipped/>
  </testcase> <!-- @AfterMethod tearDown -->
  <testcase classname="com.invoice_portal.testcase.RechercheFacture" name="@BeforeMethod SetUp" time="-1.631719235138E9">
    <skipped/>
  </testcase> <!-- @BeforeMethod SetUp -->
  <testcase classname="com.invoice_portal.testcase.RechercheFacture" name="@AfterMethod tearDown" time="-1.631719235143E9">
    <skipped/>
  </testcase> <!-- @AfterMethod tearDown -->
  <testcase classname="com.invoice_portal.testcase.RechercheFacture" name="@BeforeMethod SetUp" time="-1.631719235145E9">
    <skipped/>
  </testcase> <!-- @BeforeMethod SetUp -->
  <testcase classname="com.invoice_portal.testcase.RechercheFacture" name="@AfterMethod tearDown" time="-1.63171923515E9">
    <skipped/>
  </testcase> <!-- @AfterMethod tearDown -->
  <testcase classname="com.invoice_portal.testcase.JournalAction" name="@BeforeMethod SetUp" time="0.0">
    <failure type="java.lang.NullPointerException">
      <![CDATA[java.lang.NullPointerException
at com.invoice_portal.testcase.JournalAction.SetUp(JournalAction.java:34)
at java.base/java.util.ArrayList.forEach(ArrayList.java:1541)
... Removed 31 stack frames]]>
    </failure>
  </testcase> <!-- @BeforeMethod SetUp -->
  <testcase classname="com.invoice_portal.testcase.JournalAction" name="@AfterMethod tearDown" time="-1.631719235158E9">
    <skipped/>
  </testcase> <!-- @AfterMethod tearDown -->
  <testcase classname="com.invoice_portal.testcase.JournalAction" name="@BeforeMethod SetUp" time="-1.631719235159E9">
    <skipped/>
  </testcase> <!-- @BeforeMethod SetUp -->
  <testcase classname="com.invoice_portal.testcase.JournalAction" name="@AfterMethod tearDown" time="-1.631719235163E9">
    <skipped/>
  </testcase> <!-- @AfterMethod tearDown -->
  <testcase classname="com.invoice_portal.testcase.JournalAction" name="@BeforeMethod SetUp" time="-1.631719235165E9">
    <skipped/>
  </testcase> <!-- @BeforeMethod SetUp -->
  <testcase classname="com.invoice_portal.testcase.JournalAction" name="@AfterMethod tearDown" time="-1.631719235169E9">
    <skipped/>
  </testcase> <!-- @AfterMethod tearDown -->
  <testcase classname="com.invoice_portal.testcase.GestionOperation" name="@BeforeMethod SetUp" time="0.0">
    <failure type="java.lang.NullPointerException">
      <![CDATA[java.lang.NullPointerException
at com.invoice_portal.testcase.GestionOperation.SetUp(GestionOperation.java:34)
at java.base/java.util.ArrayList.forEach(ArrayList.java:1541)
... Removed 31 stack frames]]>
    </failure>
  </testcase> <!-- @BeforeMethod SetUp -->
  <testcase classname="com.invoice_portal.testcase.GestionOperation" name="@AfterMethod tearDown" time="-1.631719235176E9">
    <skipped/>
  </testcase> <!-- @AfterMethod tearDown -->
  <testcase classname="com.invoice_portal.testcase.GestionOperation" name="@BeforeMethod SetUp" time="-1.631719235177E9">
    <skipped/>
  </testcase> <!-- @BeforeMethod SetUp -->
  <testcase classname="com.invoice_portal.testcase.GestionOperation" name="@AfterMethod tearDown" time="-1.631719235179E9">
    <skipped/>
  </testcase> <!-- @AfterMethod tearDown -->
  <testcase classname="com.invoice_portal.testcase.GestionRubrique" name="@BeforeMethod SetUp" time="0.0">
    <failure type="java.lang.NullPointerException">
      <![CDATA[java.lang.NullPointerException
at com.invoice_portal.testcase.GestionRubrique.SetUp(GestionRubrique.java:32)
at java.base/java.util.ArrayList.forEach(ArrayList.java:1541)
... Removed 31 stack frames]]>
    </failure>
  </testcase> <!-- @BeforeMethod SetUp -->
  <testcase classname="com.invoice_portal.testcase.GestionRubrique" name="@AfterMethod tearDown" time="-1.631719235184E9">
    <skipped/>
  </testcase> <!-- @AfterMethod tearDown -->
  <testcase classname="com.invoice_portal.testcase.GestionRubrique" name="@BeforeMethod SetUp" time="-1.631719235185E9">
    <skipped/>
  </testcase> <!-- @BeforeMethod SetUp -->
  <testcase classname="com.invoice_portal.testcase.GestionRubrique" name="@AfterMethod tearDown" time="-1.631719235188E9">
    <skipped/>
  </testcase> <!-- @AfterMethod tearDown -->
  <testcase classname="com.invoice_portal.testcase.GestionRubrique" name="@BeforeMethod SetUp" time="-1.631719235189E9">
    <skipped/>
  </testcase> <!-- @BeforeMethod SetUp -->
  <testcase classname="com.invoice_portal.testcase.GestionRubrique" name="@AfterMethod tearDown" time="-1.631719235191E9">
    <skipped/>
  </testcase> <!-- @AfterMethod tearDown -->
  <testcase classname="com.invoice_portal.testcase.GestionRubrique" name="@BeforeMethod SetUp" time="-1.631719235193E9">
    <skipped/>
  </testcase> <!-- @BeforeMethod SetUp -->
  <testcase classname="com.invoice_portal.testcase.GestionRubrique" name="@AfterMethod tearDown" time="-1.631719235195E9">
    <skipped/>
  </testcase> <!-- @AfterMethod tearDown -->
  <testcase classname="com.invoice_portal.testcase.DemandeSignature" name="@BeforeMethod SetUp" time="0.0">
    <failure type="java.lang.NullPointerException">
      <![CDATA[java.lang.NullPointerException
at com.invoice_portal.testcase.DemandeSignature.SetUp(DemandeSignature.java:34)
at java.base/java.util.ArrayList.forEach(ArrayList.java:1541)
... Removed 31 stack frames]]>
    </failure>
  </testcase> <!-- @BeforeMethod SetUp -->
  <testcase classname="com.invoice_portal.testcase.DemandeSignature" name="@AfterMethod tearDown" time="-1.6317192352E9">
    <skipped/>
  </testcase> <!-- @AfterMethod tearDown -->
  <testcase classname="com.invoice_portal.testcase.DemandeSignature" name="@BeforeMethod SetUp" time="-1.631719235201E9">
    <skipped/>
  </testcase> <!-- @BeforeMethod SetUp -->
  <testcase classname="com.invoice_portal.testcase.DemandeSignature" name="@AfterMethod tearDown" time="-1.631719235204E9">
    <skipped/>
  </testcase> <!-- @AfterMethod tearDown -->
  <testcase classname="com.invoice_portal.testcase.DemandeSignature" name="@BeforeMethod SetUp" time="-1.631719235205E9">
    <skipped/>
  </testcase> <!-- @BeforeMethod SetUp -->
  <testcase classname="com.invoice_portal.testcase.DemandeSignature" name="@AfterMethod tearDown" time="-1.631719235206E9">
    <skipped/>
  </testcase> <!-- @AfterMethod tearDown -->
  <testcase classname="com.invoice_portal.testcase.DemandeSignature" name="@BeforeMethod SetUp" time="-1.631719235207E9">
    <skipped/>
  </testcase> <!-- @BeforeMethod SetUp -->
  <testcase classname="com.invoice_portal.testcase.DemandeSignature" name="@AfterMethod tearDown" time="-1.631719235209E9">
    <skipped/>
  </testcase> <!-- @AfterMethod tearDown -->
  <testcase classname="com.invoice_portal.testcase.DemandeSignature" name="@BeforeMethod SetUp" time="-1.63171923521E9">
    <skipped/>
  </testcase> <!-- @BeforeMethod SetUp -->
  <testcase classname="com.invoice_portal.testcase.DemandeSignature" name="@AfterMethod tearDown" time="-1.631719235212E9">
    <skipped/>
  </testcase> <!-- @AfterMethod tearDown -->
  <testcase classname="com.invoice_portal.testcase.DemandeSignature" name="@BeforeMethod SetUp" time="-1.631719235213E9">
    <skipped/>
  </testcase> <!-- @BeforeMethod SetUp -->
  <testcase classname="com.invoice_portal.testcase.DemandeSignature" name="@AfterMethod tearDown" time="-1.631719235215E9">
    <skipped/>
  </testcase> <!-- @AfterMethod tearDown -->
  <testcase classname="com.invoice_portal.testcase.GestionUtilisateur" name="@BeforeMethod SetUp" time="0.0">
    <failure type="java.lang.NullPointerException">
      <![CDATA[java.lang.NullPointerException
at com.invoice_portal.testcase.GestionUtilisateur.SetUp(GestionUtilisateur.java:30)
at java.base/java.util.ArrayList.forEach(ArrayList.java:1541)
... Removed 31 stack frames]]>
    </failure>
  </testcase> <!-- @BeforeMethod SetUp -->
  <testcase classname="com.invoice_portal.testcase.GestionUtilisateur" name="@AfterMethod tearDown" time="-1.631719235219E9">
    <skipped/>
  </testcase> <!-- @AfterMethod tearDown -->
  <testcase classname="com.invoice_portal.testcase.Authentification" name="@BeforeMethod login" time="0.0">
    <failure type="java.lang.NullPointerException">
      <![CDATA[java.lang.NullPointerException
at com.invoice_portal.testcase.Authentification.login(Authentification.java:29)
at java.base/java.util.ArrayList.forEach(ArrayList.java:1541)
... Removed 31 stack frames]]>
    </failure>
  </testcase> <!-- @BeforeMethod login -->
  <testcase classname="com.invoice_portal.testcase.Authentification" name="@AfterMethod tearDown" time="-1.631719235225E9">
    <skipped/>
  </testcase> <!-- @AfterMethod tearDown -->
  <testcase classname="com.invoice_portal.testcase.Authentification" name="@BeforeMethod login" time="-1.631719235225E9">
    <skipped/>
  </testcase> <!-- @BeforeMethod login -->
  <testcase classname="com.invoice_portal.testcase.Authentification" name="@AfterMethod tearDown" time="-1.631719235227E9">
    <skipped/>
  </testcase> <!-- @AfterMethod tearDown -->
  <testcase classname="com.invoice_portal.testcase.RechercheFacture" name="Click_Bouton_Detail" time="0.0">
    <skipped/>
  </testcase> <!-- Click_Bouton_Detail -->
  <testcase classname="com.invoice_portal.testcase.RechercheFacture" name="Click_Bouton_Consulter" time="0.0">
    <skipped/>
  </testcase> <!-- Click_Bouton_Consulter -->
  <testcase classname="com.invoice_portal.testcase.RechercheFacture" name="Click_Bouton_Telecharger" time="0.0">
    <skipped/>
  </testcase> <!-- Click_Bouton_Telecharger -->
  <testcase classname="com.invoice_portal.testcase.RechercheFacture" name="Click_Bouton_Envoyer_Par_Email" time="0.0">
    <skipped/>
  </testcase> <!-- Click_Bouton_Envoyer_Par_Email -->
  <testcase classname="com.invoice_portal.testcase.RechercheFacture" name="Click_Bouton_Exporter_Vers_ExcelWordXml" time="0.0">
    <skipped/>
  </testcase> <!-- Click_Bouton_Exporter_Vers_ExcelWordXml -->
  <testcase classname="com.invoice_portal.testcase.RechercheFacture" name="Click_Boutton_Supprimer" time="0.0">
    <skipped/>
  </testcase> <!-- Click_Boutton_Supprimer -->
  <testcase classname="com.invoice_portal.testcase.JournalAction" name="Click_bouton_details" time="0.0">
    <skipped/>
  </testcase> <!-- Click_bouton_details -->
  <testcase classname="com.invoice_portal.testcase.JournalAction" name="Recherche_Rapide" time="0.0">
    <skipped/>
  </testcase> <!-- Recherche_Rapide -->
  <testcase classname="com.invoice_portal.testcase.JournalAction" name="Choisir_Type_Action" time="0.0">
    <skipped/>
  </testcase> <!-- Choisir_Type_Action -->
  <testcase classname="com.invoice_portal.testcase.GestionOperation" name="Ajouter_Opérations" time="0.0">
    <skipped/>
  </testcase> <!-- Ajouter_Opérations -->
  <testcase classname="com.invoice_portal.testcase.GestionOperation" name="Supprimer_opérations" time="0.0">
    <skipped/>
  </testcase> <!-- Supprimer_opérations -->
  <testcase classname="com.invoice_portal.testcase.GestionRubrique" name="Parametre__Background" time="0.0">
    <skipped/>
  </testcase> <!-- Parametre__Background -->
  <testcase classname="com.invoice_portal.testcase.GestionRubrique" name="Recherche_Rapide" time="0.0">
    <skipped/>
  </testcase> <!-- Recherche_Rapide -->
  <testcase classname="com.invoice_portal.testcase.GestionRubrique" name="Ajouter_Operation" time="0.0">
    <skipped/>
  </testcase> <!-- Ajouter_Operation -->
  <testcase classname="com.invoice_portal.testcase.GestionRubrique" name="Supprimer_Ribrique" time="0.0">
    <skipped/>
  </testcase> <!-- Supprimer_Ribrique -->
  <testcase classname="com.invoice_portal.testcase.DemandeSignature" name="Clique_Voir_Historique" time="0.0">
    <skipped/>
  </testcase> <!-- Clique_Voir_Historique -->
  <testcase classname="com.invoice_portal.testcase.DemandeSignature" name="Documents_Non_Signes" time="0.0">
    <skipped/>
  </testcase> <!-- Documents_Non_Signes -->
  <testcase classname="com.invoice_portal.testcase.DemandeSignature" name="Documents_Supprimes" time="0.0">
    <skipped/>
  </testcase> <!-- Documents_Supprimes -->
  <testcase classname="com.invoice_portal.testcase.DemandeSignature" name="Documents_Verifier" time="0.0">
    <skipped/>
  </testcase> <!-- Documents_Verifier -->
  <testcase classname="com.invoice_portal.testcase.DemandeSignature" name="Documents_Non_Verifies" time="0.0">
    <skipped/>
  </testcase> <!-- Documents_Non_Verifies -->
  <testcase classname="com.invoice_portal.testcase.DemandeSignature" name="Documents_Supprimes_pour_verifiés" time="0.0">
    <skipped/>
  </testcase> <!-- Documents_Supprimes_pour_verifiés -->
  <testcase classname="com.invoice_portal.testcase.GestionUtilisateur" name="Test_User_Amira" time="0.0">
    <skipped/>
  </testcase> <!-- Test_User_Amira -->
  <testcase classname="com.invoice_portal.testcase.Authentification" name="SetUp_Authentification" time="0.0">
    <skipped/>
  </testcase> <!-- SetUp_Authentification -->
  <testcase classname="com.invoice_portal.testcase.Authentification" name="SetUp_Authentification" time="0.0">
    <skipped/>
  </testcase> <!-- SetUp_Authentification -->
  <testcase classname="com.invoice_portal.testcase.RechercheFacture" name="Click_Bouton_Duplication" time="0.0">
    <ignored/>
  </testcase> <!-- Click_Bouton_Duplication -->
  <testcase classname="com.invoice_portal.testcase.GestionUtilisateur" name="Test_User_Ahmed" time="0.0">
    <ignored/>
  </testcase> <!-- Test_User_Ahmed -->
  <testcase classname="com.invoice_portal.testcase.GestionUtilisateur" name="Test_Boutton_Recherche" time="0.0">
    <ignored/>
  </testcase> <!-- Test_Boutton_Recherche -->
  <testcase classname="com.invoice_portal.testcase.DemandeSignature" name="Upload_File" time="0.0">
    <ignored/>
  </testcase> <!-- Upload_File -->
  <testcase classname="com.invoice_portal.testcase.RechercheFacture" name="Click_Boutton_Modifier" time="0.0">
    <ignored/>
  </testcase> <!-- Click_Boutton_Modifier -->
  <testcase classname="com.invoice_portal.testcase.DemandeSignature" name="Drag_And_Drop" time="0.0">
    <ignored/>
  </testcase> <!-- Drag_And_Drop -->
</testsuite> <!-- Test -->
